<?xml version="1.0" encoding="UTF-8"?>
<!-- Generated by org.testng.reporters.JUnitReportReporter -->
<testsuite hostname="DESKTOP-B9DS4VV" failures="0" tests="18" name="com.parabank.tests.AccountTests" time="255.587" errors="0" timestamp="2025-10-05T15:01:09 IST" skipped="0">
  <testcase classname="com.parabank.tests.AccountTests" name="verifyAccountOverview" time="16.515"/>
  <testcase classname="com.parabank.tests.AccountTests" name="verifyAccountOverview" time="12.539"/>
  <testcase classname="com.parabank.tests.AccountTests" name="verifyAccountDetailsPage" time="13.665"/>
  <testcase classname="com.parabank.tests.AccountTests" name="verifyAccountDetailsPage" time="14.098"/>
  <testcase classname="com.parabank.tests.AccountTests" name="verifyActivityFiltering" time="12.604"/>
  <testcase classname="com.parabank.tests.AccountTests" name="verifyActivityFiltering" time="14.828"/>
  <testcase classname="com.parabank.tests.AccountTests" name="verifyActivityFiltering" time="13.044"/>
  <testcase classname="com.parabank.tests.AccountTests" name="verifyActivityFiltering" time="15.435"/>
  <testcase classname="com.parabank.tests.AccountTests" name="verifyOpenNewAccount" time="17.965"/>
  <testcase classname="com.parabank.tests.AccountTests" name="verifyOpenNewAccount" time="13.619"/>
  <testcase classname="com.parabank.tests.AccountTests" name="verifyOpenNewAccount" time="15.149"/>
  <testcase classname="com.parabank.tests.AccountTests" name="verifyOpenNewAccount" time="11.189"/>
  <testcase classname="com.parabank.tests.AccountTests" name="verifyBalanceCalculations" time="9.479"/>
  <testcase classname="com.parabank.tests.AccountTests" name="verifyBalanceCalculations" time="12.214"/>
  <testcase classname="com.parabank.tests.AccountTests" name="verifyOverviewTotalMatchesSum" time="12.456"/>
  <testcase classname="com.parabank.tests.AccountTests" name="verifyOverviewTotalMatchesSum" time="11.023"/>
  <testcase classname="com.parabank.tests.AccountTests" name="verifyBalancesChangeAfterTransfer" time="18.318"/>
  <testcase classname="com.parabank.tests.AccountTests" name="verifyBalancesChangeAfterTransfer" time="21.447"/>
</testsuite> <!-- com.parabank.tests.AccountTests -->
