<?xml version="1.0" encoding="UTF-8"?>
<!-- Generated by org.testng.reporters.JUnitReportReporter -->
<testsuite hostname="DESKTOP-B9DS4VV" failures="0" tests="28" name="com.parabank.tests.LoginTests" time="322.277" errors="0" timestamp="2025-10-05T15:01:09 IST" skipped="0">
  <testcase classname="com.parabank.tests.LoginTests" name="testSuccessfulLogin" time="3.874"/>
  <testcase classname="com.parabank.tests.LoginTests" name="testSuccessfulLogin" time="7.482"/>
  <testcase classname="com.parabank.tests.LoginTests" name="testSuccessfulLogin" time="13.182"/>
  <testcase classname="com.parabank.tests.LoginTests" name="testSuccessfulLogin" time="11.547"/>
  <testcase classname="com.parabank.tests.LoginTests" name="testSuccessfulLogin" time="13.474"/>
  <testcase classname="com.parabank.tests.LoginTests" name="testSuccessfulLogin" time="18.869"/>
  <testcase classname="com.parabank.tests.LoginTests" name="testSuccessfulLogin" time="7.072"/>
  <testcase classname="com.parabank.tests.LoginTests" name="testSuccessfulLogin" time="7.278"/>
  <testcase classname="com.parabank.tests.LoginTests" name="testSuccessfulLogin" time="15.260"/>
  <testcase classname="com.parabank.tests.LoginTests" name="testSuccessfulLogin" time="18.619"/>
  <testcase classname="com.parabank.tests.LoginTests" name="testSuccessfulLogin" time="15.328"/>
  <testcase classname="com.parabank.tests.LoginTests" name="testSuccessfulLogin" time="5.284"/>
  <testcase classname="com.parabank.tests.LoginTests" name="testBlankLogin" time="6.944"/>
  <testcase classname="com.parabank.tests.LoginTests" name="testBlankLogin" time="10.989"/>
  <testcase classname="com.parabank.tests.LoginTests" name="testBlankLogin" time="13.095"/>
  <testcase classname="com.parabank.tests.LoginTests" name="testBlankLogin" time="7.332"/>
  <testcase classname="com.parabank.tests.LoginTests" name="testBlankLogin" time="12.214"/>
  <testcase classname="com.parabank.tests.LoginTests" name="testBlankLogin" time="5.372"/>
  <testcase classname="com.parabank.tests.LoginTests" name="testBlankLogin" time="15.151"/>
  <testcase classname="com.parabank.tests.LoginTests" name="testBlankLogin" time="16.256"/>
  <testcase classname="com.parabank.tests.LoginTests" name="testBlankLogin" time="12.188"/>
  <testcase classname="com.parabank.tests.LoginTests" name="testBlankLogin" time="7.708"/>
  <testcase classname="com.parabank.tests.LoginTests" name="testBlankLogin" time="8.431"/>
  <testcase classname="com.parabank.tests.LoginTests" name="testBlankLogin" time="14.246"/>
  <testcase classname="com.parabank.tests.LoginTests" name="testLogout" time="16.633"/>
  <testcase classname="com.parabank.tests.LoginTests" name="testLogout" time="12.529"/>
  <testcase classname="com.parabank.tests.LoginTests" name="testForgotLoginInfo" time="16.212"/>
  <testcase classname="com.parabank.tests.LoginTests" name="testForgotLoginInfo" time="9.708"/>
</testsuite> <!-- com.parabank.tests.LoginTests -->
