<?xml version="1.0" encoding="UTF-8"?>
<!-- Generated by org.testng.reporters.JUnitReportReporter -->
<testsuite hostname="DESKTOP-B9DS4VV" failures="0" tests="2" name="com.parabank.tests.BillPayTests" time="30.130" errors="0" timestamp="2025-10-05T15:03:02 IST" skipped="0">
  <testcase classname="com.parabank.tests.BillPayTests" name="paymentHistory" time="17.739"/>
  <testcase classname="com.parabank.tests.BillPayTests" name="paymentHistory" time="12.391"/>
</testsuite> <!-- com.parabank.tests.BillPayTests -->
