<?xml version="1.0" encoding="UTF-8"?>
<!-- Generated by org.testng.reporters.JUnitReportReporter -->
<testsuite hostname="DESKTOP-B9DS4VV" failures="0" tests="16" name="com.parabank.tests.LoanTests" time="224.940" errors="0" timestamp="2025-10-05T15:01:09 IST" skipped="0">
  <testcase classname="com.parabank.tests.LoanTests" name="requestLoan" time="14.207"/>
  <testcase classname="com.parabank.tests.LoanTests" name="requestLoan" time="14.909"/>
  <testcase classname="com.parabank.tests.LoanTests" name="findTransactions" time="17.288"/>
  <testcase classname="com.parabank.tests.LoanTests" name="findTransactions" time="18.794"/>
  <testcase classname="com.parabank.tests.LoanTests" name="findTransactions" time="22.629"/>
  <testcase classname="com.parabank.tests.LoanTests" name="findTransactions" time="19.454"/>
  <testcase classname="com.parabank.tests.LoanTests" name="contactForm" time="13.093"/>
  <testcase classname="com.parabank.tests.LoanTests" name="contactForm" time="13.874"/>
  <testcase classname="com.parabank.tests.LoanTests" name="updateProfile" time="14.562"/>
  <testcase classname="com.parabank.tests.LoanTests" name="updateProfile" time="14.966"/>
  <testcase classname="com.parabank.tests.LoanTests" name="responsiveness" time="6.986"/>
  <testcase classname="com.parabank.tests.LoanTests" name="responsiveness" time="10.962"/>
  <testcase classname="com.parabank.tests.LoanTests" name="responsiveness" time="4.589"/>
  <testcase classname="com.parabank.tests.LoanTests" name="responsiveness" time="12.264"/>
  <testcase classname="com.parabank.tests.LoanTests" name="responsiveness" time="11.157"/>
  <testcase classname="com.parabank.tests.LoanTests" name="responsiveness" time="15.206"/>
</testsuite> <!-- com.parabank.tests.LoanTests -->
