<?xml version="1.0" encoding="UTF-8"?>
<!-- Generated by org.testng.reporters.JUnitReportReporter -->
<testsuite hostname="DESKTOP-B9DS4VV" failures="0" tests="10" name="com.parabank.tests.RegistrationTests" time="165.719" errors="0" timestamp="2025-10-05T15:01:09 IST" skipped="0">
  <testcase classname="com.parabank.tests.RegistrationTests" name="testRegistration" time="18.052"/>
  <testcase classname="com.parabank.tests.RegistrationTests" name="testRegistration" time="19.313"/>
  <testcase classname="com.parabank.tests.RegistrationTests" name="testRegistration" time="14.416"/>
  <testcase classname="com.parabank.tests.RegistrationTests" name="testRegistration" time="19.409"/>
  <testcase classname="com.parabank.tests.RegistrationTests" name="testRegistrationRequiredValidation" time="15.346"/>
  <testcase classname="com.parabank.tests.RegistrationTests" name="testRegistrationRequiredValidation" time="10.947"/>
  <testcase classname="com.parabank.tests.RegistrationTests" name="testRegistrationPasswordMismatch_clean" time="15.825"/>
  <testcase classname="com.parabank.tests.RegistrationTests" name="testRegistrationPasswordMismatch_clean" time="13.214"/>
  <testcase classname="com.parabank.tests.RegistrationTests" name="testRegistrationDuplicateUsername" time="21.650"/>
  <testcase classname="com.parabank.tests.RegistrationTests" name="testRegistrationDuplicateUsername" time="17.547"/>
</testsuite> <!-- com.parabank.tests.RegistrationTests -->
